[0.712s] Invoking command in '/home/andinm/d2lros2/chapt2/basic/colcon_test_ws/build/examples_rclcpp_minimal_composition': CMAKE_PREFIX_PATH=/opt/ros/humble /usr/bin/cmake /home/andinm/d2lros2/chapt2/basic/colcon_test_ws/src/examples/rclcpp/composition/minimal_composition -DCMAKE_INSTALL_PREFIX=/home/andinm/d2lros2/chapt2/basic/colcon_test_ws/install/examples_rclcpp_minimal_composition
[2.939s] -- The C compiler identification is GNU 11.4.0
[6.688s] -- The CXX compiler identification is GNU 11.4.0
[7.072s] -- Detecting C compiler ABI info
[12.751s] -- Detecting C compiler ABI info - done
[12.893s] -- Check for working C compiler: /usr/bin/cc - skipped
[12.894s] -- Detecting C compile features
[12.894s] -- Detecting C compile features - done
[13.013s] -- Detecting CXX compiler ABI info
[17.999s] -- Detecting CXX compiler ABI info - done
[18.078s] -- Check for working CXX compiler: /usr/bin/c++ - skipped
[18.079s] -- Detecting CXX compile features
[18.079s] -- Detecting CXX compile features - done
[18.231s] -- Found ament_cmake: 1.3.12 (/opt/ros/humble/share/ament_cmake/cmake)
[22.612s] -- Found Python3: /usr/bin/python3 (found version "3.10.12") found components: Interpreter 
[24.790s] -- Found rclcpp: 16.0.17 (/opt/ros/humble/share/rclcpp/cmake)
[25.963s] -- Found rosidl_generator_c: 3.1.8 (/opt/ros/humble/share/rosidl_generator_c/cmake)
[26.119s] -- Found rosidl_adapter: 3.1.8 (/opt/ros/humble/share/rosidl_adapter/cmake)
[26.396s] -- Found rosidl_generator_cpp: 3.1.8 (/opt/ros/humble/share/rosidl_generator_cpp/cmake)
[26.664s] -- Using all available rosidl_typesupport_c: rosidl_typesupport_fastrtps_c;rosidl_typesupport_introspection_c
[27.160s] -- Using all available rosidl_typesupport_cpp: rosidl_typesupport_fastrtps_cpp;rosidl_typesupport_introspection_cpp
[28.146s] -- Found rmw_implementation_cmake: 6.1.2 (/opt/ros/humble/share/rmw_implementation_cmake/cmake)
[28.204s] -- Found rmw_fastrtps_cpp: 6.2.9 (/opt/ros/humble/share/rmw_fastrtps_cpp/cmake)
[31.491s] -- Found OpenSSL: /usr/lib/x86_64-linux-gnu/libcrypto.so (found version "3.0.2")  
[32.144s] -- Found FastRTPS: /opt/ros/humble/include  
[33.522s] -- Using RMW implementation 'rmw_fastrtps_cpp' as default
[33.834s] -- Looking for pthread.h
[37.317s] -- Looking for pthread.h - found
[37.365s] -- Performing Test CMAKE_HAVE_LIBC_PTHREAD
[41.109s] -- Performing Test CMAKE_HAVE_LIBC_PTHREAD - Success
[41.165s] -- Found Threads: TRUE  
[42.157s] -- Found rclcpp_components: 16.0.17 (/opt/ros/humble/share/rclcpp_components/cmake)
[43.341s] -- Found ament_lint_auto: 0.12.14 (/opt/ros/humble/share/ament_lint_auto/cmake)
[46.657s] -- Added test 'copyright' to check source files copyright and LICENSE
[46.914s] -- Added test 'cppcheck' to perform static code analysis on C / C++ code
[46.915s] -- Configured cppcheck include dirs: /home/andinm/d2lros2/chapt2/basic/colcon_test_ws/src/examples/rclcpp/composition/minimal_composition/include
[46.917s] -- Configured cppcheck exclude dirs and/or files: 
[46.942s] -- Added test 'cpplint' to check C / C++ code against the Google style
[46.946s] -- Configured cpplint exclude dirs and/or files: 
[46.949s] -- Added test 'lint_cmake' to check CMake code style
[46.951s] -- Added test 'uncrustify' to check C / C++ code style
[46.952s] -- Configured uncrustify additional arguments: 
[46.952s] -- Added test 'xmllint' to check XML markup files
[46.955s] -- Configuring done
[48.199s] -- Generating done
[48.202s] -- Build files have been written to: /home/andinm/d2lros2/chapt2/basic/colcon_test_ws/build/examples_rclcpp_minimal_composition
[48.395s] Invoked command in '/home/andinm/d2lros2/chapt2/basic/colcon_test_ws/build/examples_rclcpp_minimal_composition' returned '0': CMAKE_PREFIX_PATH=/opt/ros/humble /usr/bin/cmake /home/andinm/d2lros2/chapt2/basic/colcon_test_ws/src/examples/rclcpp/composition/minimal_composition -DCMAKE_INSTALL_PREFIX=/home/andinm/d2lros2/chapt2/basic/colcon_test_ws/install/examples_rclcpp_minimal_composition
[48.452s] Invoking command in '/home/andinm/d2lros2/chapt2/basic/colcon_test_ws/build/examples_rclcpp_minimal_composition': CMAKE_PREFIX_PATH=/opt/ros/humble /usr/bin/cmake --build /home/andinm/d2lros2/chapt2/basic/colcon_test_ws/build/examples_rclcpp_minimal_composition -- -j12 -l12
[51.315s] [ 11%] [32mBuilding CXX object CMakeFiles/composition_nodes.dir/src/publisher_node.cpp.o[0m
[140.206s] gmake[2]: *** [CMakeFiles/composition_nodes.dir/build.make:76: CMakeFiles/composition_nodes.dir/src/publisher_node.cpp.o] ä¸­æ–­
[140.213s] gmake[1]: *** [CMakeFiles/Makefile2:143: CMakeFiles/composition_nodes.dir/all] ä¸­æ–­
[140.216s] gmake: *** [Makefile:146: all] ä¸­æ–­
