[0.744s] Invoking command in '/home/andinm/d2lros2/chapt2/basic/colcon_test_ws/build/examples_rclcpp_minimal_client': CMAKE_PREFIX_PATH=/opt/ros/humble /usr/bin/cmake /home/andinm/d2lros2/chapt2/basic/colcon_test_ws/src/examples/rclcpp/services/minimal_client -DCMAKE_INSTALL_PREFIX=/home/andinm/d2lros2/chapt2/basic/colcon_test_ws/install/examples_rclcpp_minimal_client
[3.187s] -- The C compiler identification is GNU 11.4.0
[5.820s] -- The CXX compiler identification is GNU 11.4.0
[6.567s] -- Detecting C compiler ABI info
[11.539s] -- Detecting C compiler ABI info - done
[11.634s] -- Check for working C compiler: /usr/bin/cc - skipped
[11.660s] -- Detecting C compile features
[11.663s] -- Detecting C compile features - done
[11.806s] -- Detecting CXX compiler ABI info
[15.969s] -- Detecting CXX compiler ABI info - done
[16.083s] -- Check for working CXX compiler: /usr/bin/c++ - skipped
[16.096s] -- Detecting CXX compile features
[16.109s] -- Detecting CXX compile features - done
[16.179s] -- Found ament_cmake: 1.3.12 (/opt/ros/humble/share/ament_cmake/cmake)
[20.914s] -- Found Python3: /usr/bin/python3 (found version "3.10.12") found components: Interpreter 
[23.198s] -- Found example_interfaces: 0.9.3 (/opt/ros/humble/share/example_interfaces/cmake)
[24.105s] -- Found rosidl_generator_c: 3.1.8 (/opt/ros/humble/share/rosidl_generator_c/cmake)
[24.310s] -- Found rosidl_adapter: 3.1.8 (/opt/ros/humble/share/rosidl_adapter/cmake)
[24.471s] -- Found rosidl_generator_cpp: 3.1.8 (/opt/ros/humble/share/rosidl_generator_cpp/cmake)
[24.843s] -- Using all available rosidl_typesupport_c: rosidl_typesupport_fastrtps_c;rosidl_typesupport_introspection_c
[25.215s] -- Using all available rosidl_typesupport_cpp: rosidl_typesupport_fastrtps_cpp;rosidl_typesupport_introspection_cpp
[27.231s] -- Found rclcpp: 16.0.17 (/opt/ros/humble/share/rclcpp/cmake)
[27.889s] -- Found rmw_implementation_cmake: 6.1.2 (/opt/ros/humble/share/rmw_implementation_cmake/cmake)
[27.962s] -- Found rmw_fastrtps_cpp: 6.2.9 (/opt/ros/humble/share/rmw_fastrtps_cpp/cmake)
[31.090s] -- Found OpenSSL: /usr/lib/x86_64-linux-gnu/libcrypto.so (found version "3.0.2")  
[31.763s] -- Found FastRTPS: /opt/ros/humble/include  
[32.951s] -- Using RMW implementation 'rmw_fastrtps_cpp' as default
[33.187s] -- Looking for pthread.h
[37.045s] -- Looking for pthread.h - found
[37.056s] -- Performing Test CMAKE_HAVE_LIBC_PTHREAD
[40.695s] -- Performing Test CMAKE_HAVE_LIBC_PTHREAD - Success
[40.740s] -- Found Threads: TRUE  
[41.888s] -- Found ament_lint_auto: 0.12.14 (/opt/ros/humble/share/ament_lint_auto/cmake)
[44.138s] -- Added test 'copyright' to check source files copyright and LICENSE
[44.218s] -- Added test 'cppcheck' to perform static code analysis on C / C++ code
[44.239s] -- Configured cppcheck include dirs: 
[44.240s] -- Configured cppcheck exclude dirs and/or files: 
[44.323s] -- Added test 'cpplint' to check C / C++ code against the Google style
[44.324s] -- Configured cpplint exclude dirs and/or files: 
[44.373s] -- Added test 'lint_cmake' to check CMake code style
[44.400s] -- Added test 'uncrustify' to check C / C++ code style
[44.407s] -- Configured uncrustify additional arguments: 
[44.423s] -- Added test 'xmllint' to check XML markup files
[44.468s] -- Configuring done
[45.378s] -- Generating done
[45.528s] -- Build files have been written to: /home/andinm/d2lros2/chapt2/basic/colcon_test_ws/build/examples_rclcpp_minimal_client
[46.703s] Invoked command in '/home/andinm/d2lros2/chapt2/basic/colcon_test_ws/build/examples_rclcpp_minimal_client' returned '0': CMAKE_PREFIX_PATH=/opt/ros/humble /usr/bin/cmake /home/andinm/d2lros2/chapt2/basic/colcon_test_ws/src/examples/rclcpp/services/minimal_client -DCMAKE_INSTALL_PREFIX=/home/andinm/d2lros2/chapt2/basic/colcon_test_ws/install/examples_rclcpp_minimal_client
[46.728s] Invoking command in '/home/andinm/d2lros2/chapt2/basic/colcon_test_ws/build/examples_rclcpp_minimal_client': CMAKE_PREFIX_PATH=/opt/ros/humble /usr/bin/cmake --build /home/andinm/d2lros2/chapt2/basic/colcon_test_ws/build/examples_rclcpp_minimal_client -- -j12 -l12
[49.375s] [ 50%] [32mBuilding CXX object CMakeFiles/client_main.dir/main.cpp.o[0m
[139.853s] gmake[2]: *** [CMakeFiles/client_main.dir/build.make:76: CMakeFiles/client_main.dir/main.cpp.o] ä¸­æ–­
[140.266s] gmake[1]: *** [CMakeFiles/Makefile2:137: CMakeFiles/client_main.dir/all] ä¸­æ–­
[140.286s] gmake: *** [Makefile:146: all] ä¸­æ–­
[140.654s] Invoked command in '/home/andinm/d2lros2/chapt2/basic/colcon_test_ws/build/examples_rclcpp_minimal_client' returned '-2': CMAKE_PREFIX_PATH=/opt/ros/humble /usr/bin/cmake --build /home/andinm/d2lros2/chapt2/basic/colcon_test_ws/build/examples_rclcpp_minimal_client -- -j12 -l12
