[0.070s] Invoking command in '/home/andinm/d2lros2/chapt3/chapt3_ws/build/example_interfaces_rclcpp': CMAKE_PREFIX_PATH=/home/andinm/d2lros2/chapt3/chapt3_ws/install/example_ros2_interfaces:/home/andinm/d2lros2/chapt3/chapt3_ws/install/example_topic_rclcpp:/home/andinm/d2lros2/chapt3/chapt3_ws/install/example_service_rclcpp:/home/andinm/d2lros2/chapt3/chapt3_ws/install/example_topic_rclpy:/home/andinm/d2lros2/chapt3/chapt3_ws/install/example_service_rclpy:/opt/ros/humble /usr/bin/cmake --build /home/andinm/d2lros2/chapt3/chapt3_ws/build/example_interfaces_rclcpp -- -j12 -l12
[0.317s] [35m[1mConsolidate compiler generated dependencies of target example_interfaces_control_01[0m
[0.317s] [35m[1mConsolidate compiler generated dependencies of target example_interfaces_robot_01[0m
[0.393s] [ 25%] [32mBuilding CXX object CMakeFiles/example_interfaces_robot_01.dir/src/example_interfaces_robot_01.cpp.o[0m
[0.393s] [ 50%] [32mBuilding CXX object CMakeFiles/example_interfaces_control_01.dir/src/example_interfaces_control_01.cpp.o[0m
[11.692s] [01m[K/home/andinm/d2lros2/chapt3/chapt3_ws/src/example_interfaces_rclcpp/src/example_interfaces_control_01.cpp:20:3:[m[K [01;31m[Kerror: [m[Kâ€˜[01m[KRobot[m[Kâ€™ does not name a type
[11.693s]    20 |   [01;31m[KRobot[m[K robot; /*å®žä¾‹åŒ–æœºå™¨äºº*/
[11.693s]       |   [01;31m[K^~~~~[m[K
[11.923s] [01m[K/home/andinm/d2lros2/chapt3/chapt3_ws/src/example_interfaces_rclcpp/src/example_interfaces_control_01.cpp:[m[K In member function â€˜[01m[Kvoid ExampleInterfacesRobot::timer_callback()[m[Kâ€™:
[11.923s] [01m[K/home/andinm/d2lros2/chapt3/chapt3_ws/src/example_interfaces_rclcpp/src/example_interfaces_control_01.cpp:32:22:[m[K [01;31m[Kerror: [m[Kâ€˜[01m[Krobot[m[Kâ€™ was not declared in this scope
[11.923s]    32 |     message.status = [01;31m[Krobot[m[K.get_status();
[11.923s]       |                      [01;31m[K^~~~~[m[K
[11.970s] In file included from [01m[K/opt/ros/humble/include/rclcpp/rclcpp/logging.hpp:24[m[K,
[11.971s]                  from [01m[K/opt/ros/humble/include/rclcpp/rclcpp/client.hpp:40[m[K,
[11.971s]                  from [01m[K/opt/ros/humble/include/rclcpp/rclcpp/callback_group.hpp:24[m[K,
[11.971s]                  from [01m[K/opt/ros/humble/include/rclcpp/rclcpp/any_executable.hpp:20[m[K,
[11.971s]                  from [01m[K/opt/ros/humble/include/rclcpp/rclcpp/memory_strategy.hpp:25[m[K,
[11.971s]                  from [01m[K/opt/ros/humble/include/rclcpp/rclcpp/memory_strategies.hpp:18[m[K,
[11.972s]                  from [01m[K/opt/ros/humble/include/rclcpp/rclcpp/executor_options.hpp:20[m[K,
[11.972s]                  from [01m[K/opt/ros/humble/include/rclcpp/rclcpp/executor.hpp:37[m[K,
[11.972s]                  from [01m[K/opt/ros/humble/include/rclcpp/rclcpp/executors/multi_threaded_executor.hpp:25[m[K,
[11.972s]                  from [01m[K/opt/ros/humble/include/rclcpp/rclcpp/executors.hpp:21[m[K,
[11.972s]                  from [01m[K/opt/ros/humble/include/rclcpp/rclcpp/rclcpp.hpp:155[m[K,
[11.972s]                  from [01m[K/home/andinm/d2lros2/chapt3/chapt3_ws/src/example_interfaces_rclcpp/src/example_interfaces_control_01.cpp:1[m[K:
[11.972s] [01m[K/home/andinm/d2lros2/chapt3/chapt3_ws/src/example_interfaces_rclcpp/src/example_interfaces_control_01.cpp:[m[K In member function â€˜[01m[Kvoid ExampleInterfacesRobot::handle_move_robot(std::shared_ptr<example_ros2_interfaces::srv::MoveRobot_Request_<std::allocator<void> > >, std::shared_ptr<example_ros2_interfaces::srv::MoveRobot_Response_<std::allocator<void> > >)[m[Kâ€™:
[11.972s] [01m[K/home/andinm/d2lros2/chapt3/chapt3_ws/src/example_interfaces_rclcpp/src/example_interfaces_control_01.cpp:47:93:[m[K [01;31m[Kerror: [m[Kâ€˜[01m[Krobot[m[Kâ€™ was not declared in this scope
[11.973s]    47 |     RCLCPP_INFO(this->get_logger(), "æ”¶åˆ°è¯·æ±‚ç§»åŠ¨è·ç¦»: %f,å½“å‰ä½ç½®: %f", request->distance, [01;31m[Krobot[m[K.get_current_pose());
[11.973s]       |                                                                                             [01;31m[K^~~~~[m[K
[11.985s] [01m[K/home/andinm/d2lros2/chapt3/chapt3_ws/src/example_interfaces_rclcpp/src/example_interfaces_control_01.cpp:48:5:[m[K [01;31m[Kerror: [m[Kâ€˜[01m[Krobot[m[Kâ€™ was not declared in this scope
[11.985s]    48 |     [01;31m[Krobot[m[K.move_distance(request->distance);
[11.985s]       |     [01;31m[K^~~~~[m[K
[12.004s] [01m[K/home/andinm/d2lros2/chapt3/chapt3_ws/src/example_interfaces_rclcpp/src/example_interfaces_control_01.cpp:[m[K In function â€˜[01m[Kint main(int, char**)[m[Kâ€™:
[12.005s] [01m[K/home/andinm/d2lros2/chapt3/chapt3_ws/src/example_interfaces_rclcpp/src/example_interfaces_control_01.cpp:56:32:[m[K [01;31m[Kerror: [m[Kâ€˜[01m[KExampleInterfacesControl[m[Kâ€™ was not declared in this scope; did you mean â€˜[01m[KExampleInterfacesRobot[m[Kâ€™?
[12.005s]    56 |   auto node = std::make_shared<[01;31m[KExampleInterfacesControl[m[K>("example_interfaces_control_01");
[12.005s]       |                                [01;31m[K^~~~~~~~~~~~~~~~~~~~~~~~[m[K
[12.005s]       |                                [32m[KExampleInterfacesRobot[m[K
[12.006s] [01m[K/home/andinm/d2lros2/chapt3/chapt3_ws/src/example_interfaces_rclcpp/src/example_interfaces_control_01.cpp:56:57:[m[K [01;31m[Kerror: [m[Kno matching function for call to â€˜[01m[Kmake_shared<<expression error> >(const char [30])[m[Kâ€™
[12.006s]    56 |   auto node = [01;31m[Kstd::make_shared<ExampleInterfacesControl>("example_interfaces_control_01")[m[K;
[12.006s]       |               [01;31m[K~~~~~~~~~~~~~~~~~~~~~~~~~~~~~~~~~~~~~~~~~~^~~~~~~~~~~~~~~~~~~~~~~~~~~~~~~~~[m[K
[12.011s] In file included from [01m[K/usr/include/c++/11/memory:77[m[K,
[12.012s]                  from [01m[K/opt/ros/humble/include/rclcpp/rclcpp/rclcpp.hpp:153[m[K,
[12.012s]                  from [01m[K/home/andinm/d2lros2/chapt3/chapt3_ws/src/example_interfaces_rclcpp/src/example_interfaces_control_01.cpp:1[m[K:
[12.012s] [01m[K/usr/include/c++/11/bits/shared_ptr.h:875:5:[m[K [01;36m[Knote: [m[Kcandidate: â€˜[01m[Ktemplate<class _Tp, class ... _Args> std::shared_ptr<_Tp> std::make_shared(_Args&& ...)[m[Kâ€™
[12.013s]   875 |     [01;36m[Kmake_shared[m[K(_Args&&... __args)
[12.013s]       |     [01;36m[K^~~~~~~~~~~[m[K
[12.013s] [01m[K/usr/include/c++/11/bits/shared_ptr.h:875:5:[m[K [01;36m[Knote: [m[K  template argument deduction/substitution failed:
[12.013s] [01m[K/home/andinm/d2lros2/chapt3/chapt3_ws/src/example_interfaces_rclcpp/src/example_interfaces_control_01.cpp:56:57:[m[K [01;31m[Kerror: [m[Ktemplate argument 1 is invalid
[12.014s]    56 |   auto node = [01;31m[Kstd::make_shared<ExampleInterfacesControl>("example_interfaces_control_01")[m[K;
[12.014s]       |               [01;31m[K~~~~~~~~~~~~~~~~~~~~~~~~~~~~~~~~~~~~~~~~~~^~~~~~~~~~~~~~~~~~~~~~~~~~~~~~~~~[m[K
[14.463s] [ 75%] [32m[1mLinking CXX executable example_interfaces_robot_01[0m
[14.915s] [ 75%] Built target example_interfaces_robot_01
[16.618s] gmake[2]: *** [CMakeFiles/example_interfaces_control_01.dir/build.make:76ï¼šCMakeFiles/example_interfaces_control_01.dir/src/example_interfaces_control_01.cpp.o] é”™è¯¯ 1
[16.620s] gmake[1]: *** [CMakeFiles/Makefile2:165ï¼šCMakeFiles/example_interfaces_control_01.dir/all] é”™è¯¯ 2
[16.620s] gmake: *** [Makefile:146ï¼šall] é”™è¯¯ 2
[16.630s] Invoked command in '/home/andinm/d2lros2/chapt3/chapt3_ws/build/example_interfaces_rclcpp' returned '2': CMAKE_PREFIX_PATH=/home/andinm/d2lros2/chapt3/chapt3_ws/install/example_ros2_interfaces:/home/andinm/d2lros2/chapt3/chapt3_ws/install/example_topic_rclcpp:/home/andinm/d2lros2/chapt3/chapt3_ws/install/example_service_rclcpp:/home/andinm/d2lros2/chapt3/chapt3_ws/install/example_topic_rclpy:/home/andinm/d2lros2/chapt3/chapt3_ws/install/example_service_rclpy:/opt/ros/humble /usr/bin/cmake --build /home/andinm/d2lros2/chapt3/chapt3_ws/build/example_interfaces_rclcpp -- -j12 -l12
