[0.742s] Invoking command in '/home/andinm/d2lros2/chapt2/basic/colcon_test_ws/build/examples_rclcpp_minimal_service': CMAKE_PREFIX_PATH=/opt/ros/humble /usr/bin/cmake /home/andinm/d2lros2/chapt2/basic/colcon_test_ws/src/examples/rclcpp/services/minimal_service -DCMAKE_INSTALL_PREFIX=/home/andinm/d2lros2/chapt2/basic/colcon_test_ws/install/examples_rclcpp_minimal_service
[3.173s] -- The C compiler identification is GNU 11.4.0
[6.473s] -- The CXX compiler identification is GNU 11.4.0
[7.001s] -- Detecting C compiler ABI info
[12.337s] -- Detecting C compiler ABI info - done
[12.432s] -- Check for working C compiler: /usr/bin/cc - skipped
[12.440s] -- Detecting C compile features
[12.448s] -- Detecting C compile features - done
[12.503s] -- Detecting CXX compiler ABI info
[17.646s] -- Detecting CXX compiler ABI info - done
[17.954s] -- Check for working CXX compiler: /usr/bin/c++ - skipped
[18.018s] -- Detecting CXX compile features
[18.043s] -- Detecting CXX compile features - done
[18.202s] -- Found ament_cmake: 1.3.12 (/opt/ros/humble/share/ament_cmake/cmake)
[22.996s] -- Found Python3: /usr/bin/python3 (found version "3.10.12") found components: Interpreter 
[25.102s] -- Found example_interfaces: 0.9.3 (/opt/ros/humble/share/example_interfaces/cmake)
[26.004s] -- Found rosidl_generator_c: 3.1.8 (/opt/ros/humble/share/rosidl_generator_c/cmake)
[26.157s] -- Found rosidl_adapter: 3.1.8 (/opt/ros/humble/share/rosidl_adapter/cmake)
[26.333s] -- Found rosidl_generator_cpp: 3.1.8 (/opt/ros/humble/share/rosidl_generator_cpp/cmake)
[26.661s] -- Using all available rosidl_typesupport_c: rosidl_typesupport_fastrtps_c;rosidl_typesupport_introspection_c
[26.992s] -- Using all available rosidl_typesupport_cpp: rosidl_typesupport_fastrtps_cpp;rosidl_typesupport_introspection_cpp
[27.855s] -- Found rclcpp: 16.0.17 (/opt/ros/humble/share/rclcpp/cmake)
[28.603s] -- Found rmw_implementation_cmake: 6.1.2 (/opt/ros/humble/share/rmw_implementation_cmake/cmake)
[28.638s] -- Found rmw_fastrtps_cpp: 6.2.9 (/opt/ros/humble/share/rmw_fastrtps_cpp/cmake)
[31.458s] -- Found OpenSSL: /usr/lib/x86_64-linux-gnu/libcrypto.so (found version "3.0.2")  
[32.281s] -- Found FastRTPS: /opt/ros/humble/include  
[33.396s] -- Using RMW implementation 'rmw_fastrtps_cpp' as default
[33.781s] -- Looking for pthread.h
[37.720s] -- Looking for pthread.h - found
[37.746s] -- Performing Test CMAKE_HAVE_LIBC_PTHREAD
[41.607s] -- Performing Test CMAKE_HAVE_LIBC_PTHREAD - Success
[41.656s] -- Found Threads: TRUE  
[42.725s] -- Found ament_lint_auto: 0.12.14 (/opt/ros/humble/share/ament_lint_auto/cmake)
[45.528s] -- Added test 'copyright' to check source files copyright and LICENSE
[46.490s] -- Added test 'cppcheck' to perform static code analysis on C / C++ code
[46.498s] -- Configured cppcheck include dirs: 
[46.498s] -- Configured cppcheck exclude dirs and/or files: 
[46.499s] -- Added test 'cpplint' to check C / C++ code against the Google style
[46.508s] -- Configured cpplint exclude dirs and/or files: 
[46.515s] -- Added test 'lint_cmake' to check CMake code style
[46.522s] -- Added test 'uncrustify' to check C / C++ code style
[46.523s] -- Configured uncrustify additional arguments: 
[46.530s] -- Added test 'xmllint' to check XML markup files
[46.538s] -- Configuring done
[46.822s] -- Generating done
[46.826s] -- Build files have been written to: /home/andinm/d2lros2/chapt2/basic/colcon_test_ws/build/examples_rclcpp_minimal_service
[47.432s] Invoked command in '/home/andinm/d2lros2/chapt2/basic/colcon_test_ws/build/examples_rclcpp_minimal_service' returned '0': CMAKE_PREFIX_PATH=/opt/ros/humble /usr/bin/cmake /home/andinm/d2lros2/chapt2/basic/colcon_test_ws/src/examples/rclcpp/services/minimal_service -DCMAKE_INSTALL_PREFIX=/home/andinm/d2lros2/chapt2/basic/colcon_test_ws/install/examples_rclcpp_minimal_service
[47.434s] Invoking command in '/home/andinm/d2lros2/chapt2/basic/colcon_test_ws/build/examples_rclcpp_minimal_service': CMAKE_PREFIX_PATH=/opt/ros/humble /usr/bin/cmake --build /home/andinm/d2lros2/chapt2/basic/colcon_test_ws/build/examples_rclcpp_minimal_service -- -j12 -l12
[50.105s] [ 50%] [32mBuilding CXX object CMakeFiles/service_main.dir/main.cpp.o[0m
[139.634s] gmake[2]: *** [CMakeFiles/service_main.dir/build.make:76: CMakeFiles/service_main.dir/main.cpp.o] ä¸­æ–­
[140.043s] gmake[1]: *** [CMakeFiles/Makefile2:137: CMakeFiles/service_main.dir/all] ä¸­æ–­
[140.097s] gmake: *** [Makefile:146: all] ä¸­æ–­
[140.510s] Invoked command in '/home/andinm/d2lros2/chapt2/basic/colcon_test_ws/build/examples_rclcpp_minimal_service' returned '-2': CMAKE_PREFIX_PATH=/opt/ros/humble /usr/bin/cmake --build /home/andinm/d2lros2/chapt2/basic/colcon_test_ws/build/examples_rclcpp_minimal_service -- -j12 -l12
