[0.049s] Invoking command in '/home/andinm/d2lros2/chapt3/chapt3_ws/build/example_interfaces_rclcpp': CMAKE_PREFIX_PATH=/home/andinm/d2lros2/chapt3/chapt3_ws/install/example_ros2_interfaces:/home/andinm/d2lros2/chapt3/chapt3_ws/install/example_topic_rclcpp:/home/andinm/d2lros2/chapt3/chapt3_ws/install/example_service_rclcpp:/home/andinm/d2lros2/chapt3/chapt3_ws/install/example_topic_rclpy:/home/andinm/d2lros2/chapt3/chapt3_ws/install/example_service_rclpy:/opt/ros/humble /usr/bin/cmake --build /home/andinm/d2lros2/chapt3/chapt3_ws/build/example_interfaces_rclcpp -- -j12 -l12
[0.262s] [35m[1mConsolidate compiler generated dependencies of target example_interfaces_robot_01[0m
[0.262s] [35m[1mConsolidate compiler generated dependencies of target example_interfaces_control_01[0m
[0.311s] [ 50%] Built target example_interfaces_robot_01
[0.319s] [ 75%] [32mBuilding CXX object CMakeFiles/example_interfaces_control_01.dir/src/example_interfaces_control_01.cpp.o[0m
[10.422s] [01m[K/home/andinm/d2lros2/chapt3/chapt3_ws/src/example_interfaces_rclcpp/src/example_interfaces_control_01.cpp:20:3:[m[K [01;31m[Kerror: [m[Kâ€˜[01m[KRobot[m[Kâ€™ does not name a type
[10.422s]    20 |   [01;31m[KRobot[m[K robot; /*å®žä¾‹åŒ–æœºå™¨äºº*/
[10.423s]       |   [01;31m[K^~~~~[m[K
[10.590s] [01m[K/home/andinm/d2lros2/chapt3/chapt3_ws/src/example_interfaces_rclcpp/src/example_interfaces_control_01.cpp:[m[K In member function â€˜[01m[Kvoid ExampleInterfacesRobot::timer_callback()[m[Kâ€™:
[10.591s] [01m[K/home/andinm/d2lros2/chapt3/chapt3_ws/src/example_interfaces_rclcpp/src/example_interfaces_control_01.cpp:32:22:[m[K [01;31m[Kerror: [m[Kâ€˜[01m[Krobot[m[Kâ€™ was not declared in this scope
[10.591s]    32 |     message.status = [01;31m[Krobot[m[K.get_status();
[10.591s]       |                      [01;31m[K^~~~~[m[K
[10.624s] In file included from [01m[K/opt/ros/humble/include/rclcpp/rclcpp/logging.hpp:24[m[K,
[10.624s]                  from [01m[K/opt/ros/humble/include/rclcpp/rclcpp/client.hpp:40[m[K,
[10.624s]                  from [01m[K/opt/ros/humble/include/rclcpp/rclcpp/callback_group.hpp:24[m[K,
[10.625s]                  from [01m[K/opt/ros/humble/include/rclcpp/rclcpp/any_executable.hpp:20[m[K,
[10.625s]                  from [01m[K/opt/ros/humble/include/rclcpp/rclcpp/memory_strategy.hpp:25[m[K,
[10.625s]                  from [01m[K/opt/ros/humble/include/rclcpp/rclcpp/memory_strategies.hpp:18[m[K,
[10.625s]                  from [01m[K/opt/ros/humble/include/rclcpp/rclcpp/executor_options.hpp:20[m[K,
[10.626s]                  from [01m[K/opt/ros/humble/include/rclcpp/rclcpp/executor.hpp:37[m[K,
[10.627s]                  from [01m[K/opt/ros/humble/include/rclcpp/rclcpp/executors/multi_threaded_executor.hpp:25[m[K,
[10.627s]                  from [01m[K/opt/ros/humble/include/rclcpp/rclcpp/executors.hpp:21[m[K,
[10.627s]                  from [01m[K/opt/ros/humble/include/rclcpp/rclcpp/rclcpp.hpp:155[m[K,
[10.628s]                  from [01m[K/home/andinm/d2lros2/chapt3/chapt3_ws/src/example_interfaces_rclcpp/src/example_interfaces_control_01.cpp:1[m[K:
[10.628s] [01m[K/home/andinm/d2lros2/chapt3/chapt3_ws/src/example_interfaces_rclcpp/src/example_interfaces_control_01.cpp:[m[K In member function â€˜[01m[Kvoid ExampleInterfacesRobot::handle_move_robot(std::shared_ptr<example_ros2_interfaces::srv::MoveRobot_Request_<std::allocator<void> > >, std::shared_ptr<example_ros2_interfaces::srv::MoveRobot_Response_<std::allocator<void> > >)[m[Kâ€™:
[10.628s] [01m[K/home/andinm/d2lros2/chapt3/chapt3_ws/src/example_interfaces_rclcpp/src/example_interfaces_control_01.cpp:47:93:[m[K [01;31m[Kerror: [m[Kâ€˜[01m[Krobot[m[Kâ€™ was not declared in this scope
[10.628s]    47 |     RCLCPP_INFO(this->get_logger(), "æ”¶åˆ°è¯·æ±‚ç§»åŠ¨è·ç¦»: %f,å½“å‰ä½ç½®: %f", request->distance, [01;31m[Krobot[m[K.get_current_pose());
[10.628s]       |                                                                                             [01;31m[K^~~~~[m[K
[10.639s] [01m[K/home/andinm/d2lros2/chapt3/chapt3_ws/src/example_interfaces_rclcpp/src/example_interfaces_control_01.cpp:48:5:[m[K [01;31m[Kerror: [m[Kâ€˜[01m[Krobot[m[Kâ€™ was not declared in this scope
[10.640s]    48 |     [01;31m[Krobot[m[K.move_distance(request->distance);
[10.640s]       |     [01;31m[K^~~~~[m[K
[10.663s] [01m[K/home/andinm/d2lros2/chapt3/chapt3_ws/src/example_interfaces_rclcpp/src/example_interfaces_control_01.cpp:[m[K In function â€˜[01m[Kint main(int, char**)[m[Kâ€™:
[10.663s] [01m[K/home/andinm/d2lros2/chapt3/chapt3_ws/src/example_interfaces_rclcpp/src/example_interfaces_control_01.cpp:56:32:[m[K [01;31m[Kerror: [m[Kâ€˜[01m[KExampleInterfacesControl[m[Kâ€™ was not declared in this scope; did you mean â€˜[01m[KExampleInterfacesRobot[m[Kâ€™?
[10.664s]    56 |   auto node = std::make_shared<[01;31m[KExampleInterfacesControl[m[K>("example_interfaces_control_01");
[10.664s]       |                                [01;31m[K^~~~~~~~~~~~~~~~~~~~~~~~[m[K
[10.664s]       |                                [32m[KExampleInterfacesRobot[m[K
[10.664s] [01m[K/home/andinm/d2lros2/chapt3/chapt3_ws/src/example_interfaces_rclcpp/src/example_interfaces_control_01.cpp:56:57:[m[K [01;31m[Kerror: [m[Kno matching function for call to â€˜[01m[Kmake_shared<<expression error> >(const char [30])[m[Kâ€™
[10.664s]    56 |   auto node = [01;31m[Kstd::make_shared<ExampleInterfacesControl>("example_interfaces_control_01")[m[K;
[10.664s]       |               [01;31m[K~~~~~~~~~~~~~~~~~~~~~~~~~~~~~~~~~~~~~~~~~~^~~~~~~~~~~~~~~~~~~~~~~~~~~~~~~~~[m[K
[10.664s] In file included from [01m[K/usr/include/c++/11/memory:77[m[K,
[10.664s]                  from [01m[K/opt/ros/humble/include/rclcpp/rclcpp/rclcpp.hpp:153[m[K,
[10.664s]                  from [01m[K/home/andinm/d2lros2/chapt3/chapt3_ws/src/example_interfaces_rclcpp/src/example_interfaces_control_01.cpp:1[m[K:
[10.664s] [01m[K/usr/include/c++/11/bits/shared_ptr.h:875:5:[m[K [01;36m[Knote: [m[Kcandidate: â€˜[01m[Ktemplate<class _Tp, class ... _Args> std::shared_ptr<_Tp> std::make_shared(_Args&& ...)[m[Kâ€™
[10.665s]   875 |     [01;36m[Kmake_shared[m[K(_Args&&... __args)
[10.665s]       |     [01;36m[K^~~~~~~~~~~[m[K
[10.665s] [01m[K/usr/include/c++/11/bits/shared_ptr.h:875:5:[m[K [01;36m[Knote: [m[K  template argument deduction/substitution failed:
[10.665s] [01m[K/home/andinm/d2lros2/chapt3/chapt3_ws/src/example_interfaces_rclcpp/src/example_interfaces_control_01.cpp:56:57:[m[K [01;31m[Kerror: [m[Ktemplate argument 1 is invalid
[10.665s]    56 |   auto node = [01;31m[Kstd::make_shared<ExampleInterfacesControl>("example_interfaces_control_01")[m[K;
[10.665s]       |               [01;31m[K~~~~~~~~~~~~~~~~~~~~~~~~~~~~~~~~~~~~~~~~~~^~~~~~~~~~~~~~~~~~~~~~~~~~~~~~~~~[m[K
[14.394s] gmake[2]: *** [CMakeFiles/example_interfaces_control_01.dir/build.make:76ï¼šCMakeFiles/example_interfaces_control_01.dir/src/example_interfaces_control_01.cpp.o] é”™è¯¯ 1
[14.395s] gmake[1]: *** [CMakeFiles/Makefile2:165ï¼šCMakeFiles/example_interfaces_control_01.dir/all] é”™è¯¯ 2
[14.397s] gmake: *** [Makefile:146ï¼šall] é”™è¯¯ 2
[14.407s] Invoked command in '/home/andinm/d2lros2/chapt3/chapt3_ws/build/example_interfaces_rclcpp' returned '2': CMAKE_PREFIX_PATH=/home/andinm/d2lros2/chapt3/chapt3_ws/install/example_ros2_interfaces:/home/andinm/d2lros2/chapt3/chapt3_ws/install/example_topic_rclcpp:/home/andinm/d2lros2/chapt3/chapt3_ws/install/example_service_rclcpp:/home/andinm/d2lros2/chapt3/chapt3_ws/install/example_topic_rclpy:/home/andinm/d2lros2/chapt3/chapt3_ws/install/example_service_rclpy:/opt/ros/humble /usr/bin/cmake --build /home/andinm/d2lros2/chapt3/chapt3_ws/build/example_interfaces_rclcpp -- -j12 -l12
