[0.784s] Invoking command in '/home/andinm/d2lros2/chapt2/basic/colcon_test_ws/build/examples_rclcpp_minimal_action_client': CMAKE_PREFIX_PATH=/opt/ros/humble /usr/bin/cmake /home/andinm/d2lros2/chapt2/basic/colcon_test_ws/src/examples/rclcpp/actions/minimal_action_client -DCMAKE_INSTALL_PREFIX=/home/andinm/d2lros2/chapt2/basic/colcon_test_ws/install/examples_rclcpp_minimal_action_client
[2.725s] -- The C compiler identification is GNU 11.4.0
[5.470s] -- The CXX compiler identification is GNU 11.4.0
[6.005s] -- Detecting C compiler ABI info
[10.939s] -- Detecting C compiler ABI info - done
[11.075s] -- Check for working C compiler: /usr/bin/cc - skipped
[11.078s] -- Detecting C compile features
[11.100s] -- Detecting C compile features - done
[11.285s] -- Detecting CXX compiler ABI info
[16.816s] -- Detecting CXX compiler ABI info - done
[16.993s] -- Check for working CXX compiler: /usr/bin/c++ - skipped
[17.004s] -- Detecting CXX compile features
[17.014s] -- Detecting CXX compile features - done
[17.141s] -- Found ament_cmake: 1.3.12 (/opt/ros/humble/share/ament_cmake/cmake)
[22.501s] -- Found Python3: /usr/bin/python3 (found version "3.10.12") found components: Interpreter 
[25.077s] -- Found example_interfaces: 0.9.3 (/opt/ros/humble/share/example_interfaces/cmake)
[25.880s] -- Found rosidl_generator_c: 3.1.8 (/opt/ros/humble/share/rosidl_generator_c/cmake)
[25.968s] -- Found rosidl_adapter: 3.1.8 (/opt/ros/humble/share/rosidl_adapter/cmake)
[26.140s] -- Found rosidl_generator_cpp: 3.1.8 (/opt/ros/humble/share/rosidl_generator_cpp/cmake)
[26.429s] -- Using all available rosidl_typesupport_c: rosidl_typesupport_fastrtps_c;rosidl_typesupport_introspection_c
[26.731s] -- Using all available rosidl_typesupport_cpp: rosidl_typesupport_fastrtps_cpp;rosidl_typesupport_introspection_cpp
[27.857s] -- Found rclcpp: 16.0.17 (/opt/ros/humble/share/rclcpp/cmake)
[28.562s] -- Found rmw_implementation_cmake: 6.1.2 (/opt/ros/humble/share/rmw_implementation_cmake/cmake)
[28.604s] -- Found rmw_fastrtps_cpp: 6.2.9 (/opt/ros/humble/share/rmw_fastrtps_cpp/cmake)
[31.562s] -- Found OpenSSL: /usr/lib/x86_64-linux-gnu/libcrypto.so (found version "3.0.2")  
[32.187s] -- Found FastRTPS: /opt/ros/humble/include  
[33.328s] -- Using RMW implementation 'rmw_fastrtps_cpp' as default
[33.501s] -- Looking for pthread.h
[37.592s] -- Looking for pthread.h - found
[37.702s] -- Performing Test CMAKE_HAVE_LIBC_PTHREAD
[41.831s] -- Performing Test CMAKE_HAVE_LIBC_PTHREAD - Success
[41.862s] -- Found Threads: TRUE  
[42.883s] -- Found rclcpp_action: 16.0.17 (/opt/ros/humble/share/rclcpp_action/cmake)
[43.308s] -- Found ament_lint_auto: 0.12.14 (/opt/ros/humble/share/ament_lint_auto/cmake)
[46.875s] -- Added test 'copyright' to check source files copyright and LICENSE
[47.118s] -- Added test 'cppcheck' to perform static code analysis on C / C++ code
[47.120s] -- Configured cppcheck include dirs: 
[47.123s] -- Configured cppcheck exclude dirs and/or files: 
[47.130s] -- Added test 'cpplint' to check C / C++ code against the Google style
[47.133s] -- Configured cpplint exclude dirs and/or files: 
[47.133s] -- Added test 'lint_cmake' to check CMake code style
[47.134s] -- Added test 'uncrustify' to check C / C++ code style
[47.135s] -- Configured uncrustify additional arguments: 
[47.138s] -- Added test 'xmllint' to check XML markup files
[47.146s] -- Configuring done
[48.396s] -- Generating done
[48.481s] -- Build files have been written to: /home/andinm/d2lros2/chapt2/basic/colcon_test_ws/build/examples_rclcpp_minimal_action_client
[48.705s] Invoked command in '/home/andinm/d2lros2/chapt2/basic/colcon_test_ws/build/examples_rclcpp_minimal_action_client' returned '0': CMAKE_PREFIX_PATH=/opt/ros/humble /usr/bin/cmake /home/andinm/d2lros2/chapt2/basic/colcon_test_ws/src/examples/rclcpp/actions/minimal_action_client -DCMAKE_INSTALL_PREFIX=/home/andinm/d2lros2/chapt2/basic/colcon_test_ws/install/examples_rclcpp_minimal_action_client
[48.763s] Invoking command in '/home/andinm/d2lros2/chapt2/basic/colcon_test_ws/build/examples_rclcpp_minimal_action_client': CMAKE_PREFIX_PATH=/opt/ros/humble /usr/bin/cmake --build /home/andinm/d2lros2/chapt2/basic/colcon_test_ws/build/examples_rclcpp_minimal_action_client -- -j12 -l12
[52.386s] [ 12%] [32mBuilding CXX object CMakeFiles/action_client_member_functions.dir/member_functions.cpp.o[0m
[139.907s] gmake[2]: *** [CMakeFiles/action_client_member_functions.dir/build.make:76: CMakeFiles/action_client_member_functions.dir/member_functions.cpp.o] ä¸­æ–­
[139.917s] gmake[1]: *** [CMakeFiles/Makefile2:143: CMakeFiles/action_client_member_functions.dir/all] ä¸­æ–­
[139.964s] gmake: *** [Makefile:146: all] ä¸­æ–­
[140.708s] Invoked command in '/home/andinm/d2lros2/chapt2/basic/colcon_test_ws/build/examples_rclcpp_minimal_action_client' returned '-2': CMAKE_PREFIX_PATH=/opt/ros/humble /usr/bin/cmake --build /home/andinm/d2lros2/chapt2/basic/colcon_test_ws/build/examples_rclcpp_minimal_action_client -- -j12 -l12
