[0.849s] Invoking command in '/home/andinm/d2lros2/chapt2/basic/colcon_test_ws/build/examples_rclcpp_async_client': CMAKE_PREFIX_PATH=/opt/ros/humble /usr/bin/cmake /home/andinm/d2lros2/chapt2/basic/colcon_test_ws/src/examples/rclcpp/services/async_client -DCMAKE_INSTALL_PREFIX=/home/andinm/d2lros2/chapt2/basic/colcon_test_ws/install/examples_rclcpp_async_client
[3.043s] -- The C compiler identification is GNU 11.4.0
[5.850s] -- The CXX compiler identification is GNU 11.4.0
[6.475s] -- Detecting C compiler ABI info
[10.885s] -- Detecting C compiler ABI info - done
[10.988s] -- Check for working C compiler: /usr/bin/cc - skipped
[10.995s] -- Detecting C compile features
[11.012s] -- Detecting C compile features - done
[11.167s] -- Detecting CXX compiler ABI info
[16.701s] -- Detecting CXX compiler ABI info - done
[17.016s] -- Check for working CXX compiler: /usr/bin/c++ - skipped
[17.056s] -- Detecting CXX compile features
[17.117s] -- Detecting CXX compile features - done
[17.243s] -- Found ament_cmake: 1.3.12 (/opt/ros/humble/share/ament_cmake/cmake)
[21.874s] -- Found Python3: /usr/bin/python3 (found version "3.10.12") found components: Interpreter 
[24.340s] -- Found example_interfaces: 0.9.3 (/opt/ros/humble/share/example_interfaces/cmake)
[25.035s] -- Found rosidl_generator_c: 3.1.8 (/opt/ros/humble/share/rosidl_generator_c/cmake)
[25.213s] -- Found rosidl_adapter: 3.1.8 (/opt/ros/humble/share/rosidl_adapter/cmake)
[25.446s] -- Found rosidl_generator_cpp: 3.1.8 (/opt/ros/humble/share/rosidl_generator_cpp/cmake)
[25.752s] -- Using all available rosidl_typesupport_c: rosidl_typesupport_fastrtps_c;rosidl_typesupport_introspection_c
[26.405s] -- Using all available rosidl_typesupport_cpp: rosidl_typesupport_fastrtps_cpp;rosidl_typesupport_introspection_cpp
[27.480s] -- Found rclcpp: 16.0.17 (/opt/ros/humble/share/rclcpp/cmake)
[28.166s] -- Found rmw_implementation_cmake: 6.1.2 (/opt/ros/humble/share/rmw_implementation_cmake/cmake)
[28.218s] -- Found rmw_fastrtps_cpp: 6.2.9 (/opt/ros/humble/share/rmw_fastrtps_cpp/cmake)
[31.412s] -- Found OpenSSL: /usr/lib/x86_64-linux-gnu/libcrypto.so (found version "3.0.2")  
[32.082s] -- Found FastRTPS: /opt/ros/humble/include  
[33.241s] -- Using RMW implementation 'rmw_fastrtps_cpp' as default
[33.464s] -- Looking for pthread.h
[37.488s] -- Looking for pthread.h - found
[37.561s] -- Performing Test CMAKE_HAVE_LIBC_PTHREAD
[41.797s] -- Performing Test CMAKE_HAVE_LIBC_PTHREAD - Success
[41.870s] -- Found Threads: TRUE  
[43.159s] -- Found ament_lint_auto: 0.12.14 (/opt/ros/humble/share/ament_lint_auto/cmake)
[45.495s] -- Added test 'copyright' to check source files copyright and LICENSE
[45.531s] -- Added test 'cppcheck' to perform static code analysis on C / C++ code
[45.547s] -- Configured cppcheck include dirs: 
[45.581s] -- Configured cppcheck exclude dirs and/or files: 
[45.647s] -- Added test 'cpplint' to check C / C++ code against the Google style
[45.647s] -- Configured cpplint exclude dirs and/or files: 
[45.648s] -- Added test 'lint_cmake' to check CMake code style
[45.658s] -- Added test 'uncrustify' to check C / C++ code style
[45.665s] -- Configured uncrustify additional arguments: 
[45.670s] -- Added test 'xmllint' to check XML markup files
[45.787s] -- Configuring done
[47.336s] -- Generating done
[47.345s] -- Build files have been written to: /home/andinm/d2lros2/chapt2/basic/colcon_test_ws/build/examples_rclcpp_async_client
[48.318s] Invoked command in '/home/andinm/d2lros2/chapt2/basic/colcon_test_ws/build/examples_rclcpp_async_client' returned '0': CMAKE_PREFIX_PATH=/opt/ros/humble /usr/bin/cmake /home/andinm/d2lros2/chapt2/basic/colcon_test_ws/src/examples/rclcpp/services/async_client -DCMAKE_INSTALL_PREFIX=/home/andinm/d2lros2/chapt2/basic/colcon_test_ws/install/examples_rclcpp_async_client
[48.350s] Invoking command in '/home/andinm/d2lros2/chapt2/basic/colcon_test_ws/build/examples_rclcpp_async_client': CMAKE_PREFIX_PATH=/opt/ros/humble /usr/bin/cmake --build /home/andinm/d2lros2/chapt2/basic/colcon_test_ws/build/examples_rclcpp_async_client -- -j12 -l12
[50.314s] [ 50%] [32mBuilding CXX object CMakeFiles/client_main.dir/main.cpp.o[0m
[140.148s] gmake[2]: *** [CMakeFiles/client_main.dir/build.make:76: CMakeFiles/client_main.dir/main.cpp.o] ä¸­æ–­
[140.148s] gmake[1]: *** [CMakeFiles/Makefile2:137: CMakeFiles/client_main.dir/all] ä¸­æ–­
[140.495s] gmake: *** [Makefile:146: all] ä¸­æ–­
[140.844s] Invoked command in '/home/andinm/d2lros2/chapt2/basic/colcon_test_ws/build/examples_rclcpp_async_client' returned '-2': CMAKE_PREFIX_PATH=/opt/ros/humble /usr/bin/cmake --build /home/andinm/d2lros2/chapt2/basic/colcon_test_ws/build/examples_rclcpp_async_client -- -j12 -l12
